{
  "RSpec": {
    "coverage": {
      "/home/vagrant/projects/hitsstream/hitss_51/app/helpers/application_helper.rb": [
        1,
        null
      ],
      "/home/vagrant/projects/hitsstream/hitss_51/app/helpers/daily_rankings_helper.rb": [
        null,
        1,
        null
      ],
      "/home/vagrant/projects/hitsstream/hitss_51/app/helpers/youtubes_helper.rb": [
        null,
        1,
        null
      ],
      "/home/vagrant/projects/hitsstream/hitss_51/app/controllers/daily_rankings_controller.rb": [
        null,
        1,
        1,
        14,
        14,
        14,
        14,
        null,
        14,
        null,
        7,
        7,
        7,
        null,
        14,
        14,
        14,
        null,
        null,
        1,
        5,
        null,
        5,
        5,
        5,
        null,
        null,
        1,
        5,
        null,
        5,
        5,
        5,
        null,
        null,
        1,
        5,
        null,
        5,
        5,
        5,
        null,
        null
      ],
      "/home/vagrant/projects/hitsstream/hitss_51/app/controllers/application_controller.rb": [
        1,
        null,
        null,
        1,
        null
      ],
      "/home/vagrant/projects/hitsstream/hitss_51/app/controllers/youtubes_controller.rb": [
        null,
        1,
        1,
        6,
        6,
        6,
        6,
        6,
        null,
        null,
        1,
        6,
        6,
        6,
        6,
        6,
        null,
        null,
        1,
        5,
        5,
        5,
        5,
        5,
        5,
        null,
        0,
        null,
        null,
        null,
        1,
        null,
        1,
        5,
        null,
        null
      ],
      "/home/vagrant/projects/hitsstream/hitss_51/app/models/aggregate_date.rb": [
        null,
        1,
        1,
        1,
        null,
        null
      ],
      "/home/vagrant/projects/hitsstream/hitss_51/app/models/daily_ranking.rb": [
        null,
        1,
        1,
        1,
        1,
        1,
        1,
        1,
        1,
        null,
        null,
        1,
        1,
        null,
        1,
        null,
        null,
        null,
        31,
        null,
        null,
        1,
        7,
        null,
        null,
        1,
        7,
        null,
        null
      ],
      "/home/vagrant/projects/hitsstream/hitss_51/app/models/itune.rb": [
        null,
        1,
        1,
        1,
        null,
        null,
        1,
        null,
        null
      ],
      "/home/vagrant/projects/hitsstream/hitss_51/app/models/youtube.rb": [
        null,
        1,
        1,
        1,
        null,
        null,
        1,
        null,
        null
      ],
      "/home/vagrant/projects/hitsstream/hitss_51/lib/tasks/update_daily_ranking.rb": [
        0,
        0,
        0,
        0,
        0,
        0,
        0,
        0,
        0,
        0,
        0,
        0,
        0,
        0,
        0,
        0,
        0,
        0,
        0,
        0,
        0,
        0,
        0,
        0,
        0,
        0,
        0,
        0,
        0,
        0,
        0,
        0,
        0,
        0,
        0,
        0,
        0,
        0,
        0,
        0,
        0,
        0,
        0,
        0,
        0,
        0,
        0,
        0,
        0,
        0,
        0,
        0,
        0,
        0,
        0,
        0,
        0,
        0,
        0,
        0,
        0,
        0,
        0,
        0,
        0,
        0,
        0,
        0,
        0,
        0,
        0,
        0,
        0,
        0,
        0,
        0,
        0,
        0,
        0,
        0,
        0,
        0,
        0
      ]
    },
    "timestamp": 1473440552
  }
}
